<?xml version="1.0" encoding="UTF-8"?>
<testng-results ignored="0" total="1" passed="1" failed="0" skipped="0">
  <reporter-output>
  </reporter-output>
  <suite started-at="2023-03-24T11:14:42 IST" name="Default suite" finished-at="2023-03-24T11:16:14 IST" duration-ms="92411">
    <groups>
    </groups>
    <test started-at="2023-03-24T11:14:42 IST" name="Default test" finished-at="2023-03-24T11:16:14 IST" duration-ms="92411">
      <class name="com.flow.cicd_flow">
        <test-method signature="launch()[pri:0, instance:com.flow.cicd_flow@729d991e]" started-at="2023-03-24T11:14:42 IST" name="launch" finished-at="2023-03-24T11:16:14 IST" duration-ms="92208" status="PASS">
          <reporter-output>
          </reporter-output>
        </test-method> <!-- launch -->
      </class> <!-- com.flow.cicd_flow -->
    </test> <!-- Default test -->
  </suite> <!-- Default suite -->
</testng-results>
